{"C:\\Users\\Breno\\Downloads\\EquipeAgilGreen\\techforge\\src\\components\\Card.tsx": {"path":"C:\\Users\\Breno\\Downloads\\EquipeAgilGreen\\techforge\\src\\components\\Card.tsx","statementMap":{"0":{"start":{"line":12,"column":0},"end":{"line":21,"column":1}}},"fnMap":{"0":{"name":"Card","decl":{"start":{"line":11,"column":16},"end":{"line":11,"column":20}},"loc":{"start":{"line":11,"column":60},"end":{"line":22,"column":1}},"line":11}},"branchMap":{},"s":{"0":3},"f":{"0":3},"b":{},"_coverageSchema":"1a1c01bbd47fc00a2c39e90264f33305004495a9","hash":"392ca57e24559c3d17b6d9475db2632a7337dd99"}
}
