{"C:\\Users\\Breno\\Downloads\\EquipeAgilGreen\\techforge\\src\\App.tsx": {"path":"C:\\Users\\Breno\\Downloads\\EquipeAgilGreen\\techforge\\src\\App.tsx","statementMap":{"0":{"start":{"line":8,"column":2},"end":{"line":43,"column":3}},"1":{"start":{"line":28,"column":12},"end":{"line":36,"column":13}}},"fnMap":{"0":{"name":"App","decl":{"start":{"line":6,"column":9},"end":{"line":6,"column":12}},"loc":{"start":{"line":6,"column":15},"end":{"line":44,"column":1}},"line":6},"1":{"name":"(anonymous_1)","decl":{"start":{"line":27,"column":20},"end":{"line":27,"column":21}},"loc":{"start":{"line":27,"column":39},"end":{"line":37,"column":11}},"line":27}},"branchMap":{},"s":{"0":1,"1":25},"f":{"0":1,"1":25},"b":{},"_coverageSchema":"1a1c01bbd47fc00a2c39e90264f33305004495a9","hash":"5614de05d510de64ce0a1de358ea51c4c1ffb13d"}
,"C:\\Users\\Breno\\Downloads\\EquipeAgilGreen\\techforge\\src\\components\\Card.tsx": {"path":"C:\\Users\\Breno\\Downloads\\EquipeAgilGreen\\techforge\\src\\components\\Card.tsx","statementMap":{"0":{"start":{"line":12,"column":0},"end":{"line":21,"column":1}}},"fnMap":{"0":{"name":"Card","decl":{"start":{"line":11,"column":16},"end":{"line":11,"column":20}},"loc":{"start":{"line":11,"column":60},"end":{"line":22,"column":1}},"line":11}},"branchMap":{},"s":{"0":2},"f":{"0":2},"b":{},"_coverageSchema":"1a1c01bbd47fc00a2c39e90264f33305004495a9","hash":"392ca57e24559c3d17b6d9475db2632a7337dd99"}
,"C:\\Users\\Breno\\Downloads\\EquipeAgilGreen\\techforge\\src\\utils\\data\\cards.tsx": {"path":"C:\\Users\\Breno\\Downloads\\EquipeAgilGreen\\techforge\\src\\utils\\data\\cards.tsx","statementMap":{"0":{"start":{"line":2,"column":21},"end":{"line":180,"column":1}}},"fnMap":{},"branchMap":{},"s":{"0":1},"f":{},"b":{},"_coverageSchema":"1a1c01bbd47fc00a2c39e90264f33305004495a9","hash":"7e9a4247bdc514a74f865a9a3a9d5713de25df77"}
}
